Build started 12/18/2015 5:09:18 PM.
     1>Project "C:\Users\155134X\Desktop\MyGraphics - zt\MyGraphics - zt\MyGraphics\MyGraphics.vcxproj" on node 2 (Build target(s)).
     1>ClCompile:
         C:\Program Files (x86)\Microsoft Visual Studio 12.0\VC\bin\CL.exe /c /I"C:\Users\155134X\Desktop\MyGraphics - zt\MyGraphics - zt\\glew\include" /I"C:\Users\155134X\Desktop\MyGraphics - zt\MyGraphics - zt\\glfw\include" /I"C:\Users\155134X\Desktop\MyGraphics - zt\MyGraphics - zt\\Common\Source" /ZI /nologo /W3 /WX- /sdl /Od /Oy- /D WIN32 /D _DEBUG /D _CONSOLE /D _LIB /D _UNICODE /D UNICODE /Gm /EHsc /RTC1 /MDd /GS /fp:precise /Zc:wchar_t /Zc:forScope /Fo"Debug\\" /Fd"Debug\vc120.pdb" /Gd /TP /analyze- /errorReport:prompt Source\Assignment2.cpp
         Assignment2.cpp
     1>c:\users\155134x\desktop\mygraphics - zt\mygraphics - zt\mygraphics\source\material.h(44): warning C4305: 'argument' : truncation from 'double' to 'float'
     1>c:\users\155134x\desktop\mygraphics - zt\mygraphics - zt\mygraphics\source\material.h(45): warning C4305: 'argument' : truncation from 'double' to 'float'
     1>c:\users\155134x\desktop\mygraphics - zt\mygraphics - zt\mygraphics\source\assignment2.cpp(127): warning C4305: 'argument' : truncation from 'double' to 'float'
     1>c:\users\155134x\desktop\mygraphics - zt\mygraphics - zt\mygraphics\source\assignment2.cpp(516): warning C4244: 'argument' : conversion from 'int' to 'float', possible loss of data
     1>c:\users\155134x\desktop\mygraphics - zt\mygraphics - zt\mygraphics\source\assignment2.cpp(544): warning C4244: 'argument' : conversion from 'int' to 'float', possible loss of data
     1>c:\users\155134x\desktop\mygraphics - zt\mygraphics - zt\mygraphics\source\assignment2.cpp(649): warning C4244: 'argument' : conversion from 'int' to 'float', possible loss of data
     1>c:\users\155134x\desktop\mygraphics - zt\mygraphics - zt\mygraphics\source\assignment2.cpp(668): warning C4244: 'argument' : conversion from 'int' to 'float', possible loss of data
     1>c:\users\155134x\desktop\mygraphics - zt\mygraphics - zt\mygraphics\source\assignment2.cpp(669): warning C4305: 'argument' : truncation from 'double' to 'float'
     1>c:\users\155134x\desktop\mygraphics - zt\mygraphics - zt\mygraphics\source\assignment2.cpp(684): warning C4018: '<' : signed/unsigned mismatch
     1>c:\users\155134x\desktop\mygraphics - zt\mygraphics - zt\mygraphics\source\assignment2.cpp(751): warning C4244: 'argument' : conversion from 'int' to 'float', possible loss of data
     1>c:\users\155134x\desktop\mygraphics - zt\mygraphics - zt\mygraphics\source\assignment2.cpp(793): warning C4244: 'argument' : conversion from 'double' to 'float', possible loss of data
     1>c:\users\155134x\desktop\mygraphics - zt\mygraphics - zt\mygraphics\source\assignment2.cpp(794): warning C4244: 'argument' : conversion from 'int' to 'float', possible loss of data
     1>c:\users\155134x\desktop\mygraphics - zt\mygraphics - zt\mygraphics\source\assignment2.cpp(830): warning C4244: 'argument' : conversion from 'time_t' to 'unsigned int', possible loss of data
     1>c:\users\155134x\desktop\mygraphics - zt\mygraphics - zt\mygraphics\source\assignment2.cpp(833): warning C4244: 'initializing' : conversion from 'int' to 'float', possible loss of data
     1>c:\users\155134x\desktop\mygraphics - zt\mygraphics - zt\mygraphics\source\assignment2.cpp(834): warning C4244: 'initializing' : conversion from 'int' to 'float', possible loss of data
     1>c:\users\155134x\desktop\mygraphics - zt\mygraphics - zt\mygraphics\source\assignment2.cpp(835): warning C4244: 'argument' : conversion from 'int' to 'float', possible loss of data
     1>c:\users\155134x\desktop\mygraphics - zt\mygraphics - zt\mygraphics\source\assignment2.cpp(837): warning C4244: 'argument' : conversion from 'int' to 'float', possible loss of data
       Link:
         C:\Program Files (x86)\Microsoft Visual Studio 12.0\VC\bin\link.exe /ERRORREPORT:PROMPT /OUT:"C:\Users\155134X\Desktop\MyGraphics - zt\MyGraphics - zt\Debug\MyGraphics.exe" /INCREMENTAL /NOLOGO /LIBPATH:"C:\Users\155134X\Desktop\MyGraphics - zt\MyGraphics - zt\\glew\lib" /LIBPATH:"C:\Users\155134X\Desktop\MyGraphics - zt\MyGraphics - zt\\glfw\lib-msvc120" /LIBPATH:"C:\Users\155134X\Desktop\MyGraphics - zt\MyGraphics - zt\Debug" glew32.lib glfw3.lib opengl32.lib winmm.lib Common.lib kernel32.lib user32.lib gdi32.lib winspool.lib comdlg32.lib advapi32.lib shell32.lib ole32.lib oleaut32.lib uuid.lib odbc32.lib odbccp32.lib /MANIFEST /MANIFESTUAC:"level='asInvoker' uiAccess='false'" /manifest:embed /DEBUG /PDB:"C:\Users\155134X\Desktop\MyGraphics - zt\MyGraphics - zt\Debug\MyGraphics.pdb" /SUBSYSTEM:CONSOLE /TLBID:1 /DYNAMICBASE /NXCOMPAT /IMPLIB:"C:\Users\155134X\Desktop\MyGraphics - zt\MyGraphics - zt\Debug\MyGraphics.lib" /MACHINE:X86 Debug\Application.obj
         Debug\Assignment2.obj
         Debug\Camera.obj
         Debug\Camera2.obj
         Debug\main.obj
         Debug\Mesh.obj
         Debug\MeshBuilder.obj
         Debug\Scene1.obj
         Debug\Scene2.obj
         Debug\Scene3.obj
         Debug\Scene4.obj
         Debug\Scene5.obj
         Debug\SceneLight.obj
         Debug\SceneLight2.obj
         Debug\shader.obj
         Debug\Utility.obj
         MyGraphics.vcxproj -> C:\Users\155134X\Desktop\MyGraphics - zt\MyGraphics - zt\Debug\MyGraphics.exe
     1>Done Building Project "C:\Users\155134X\Desktop\MyGraphics - zt\MyGraphics - zt\MyGraphics\MyGraphics.vcxproj" (Build target(s)).

Build succeeded.

Time Elapsed 00:00:01.22
