Build started 12/11/2015 2:17:34 PM.
     1>Project "C:\Users\155134X\Desktop\ComG_Assignment02\MyGraphics - zt\MyGraphics\MyGraphics.vcxproj" on node 2 (Build target(s)).
     1>ClCompile:
         C:\Program Files (x86)\Microsoft Visual Studio 12.0\VC\bin\CL.exe /c /I"C:\Users\155134X\Desktop\ComG_Assignment02\MyGraphics - zt\\glew\include" /I"C:\Users\155134X\Desktop\ComG_Assignment02\MyGraphics - zt\\glfw\include" /I"C:\Users\155134X\Desktop\ComG_Assignment02\MyGraphics - zt\\Common\Source" /ZI /nologo /W3 /WX- /sdl /Od /Oy- /D WIN32 /D _DEBUG /D _CONSOLE /D _LIB /D _UNICODE /D UNICODE /Gm /EHsc /RTC1 /MDd /GS /fp:precise /Zc:wchar_t /Zc:forScope /Fo"Debug\\" /Fd"Debug\vc120.pdb" /Gd /TP /analyze- /errorReport:prompt Source\Camera.cpp
         Camera.cpp
       Link:
         C:\Program Files (x86)\Microsoft Visual Studio 12.0\VC\bin\link.exe /ERRORREPORT:PROMPT /OUT:"C:\Users\155134X\Desktop\ComG_Assignment02\MyGraphics - zt\Debug\MyGraphics.exe" /INCREMENTAL /NOLOGO /LIBPATH:"C:\Users\155134X\Desktop\ComG_Assignment02\MyGraphics - zt\\glew\lib" /LIBPATH:"C:\Users\155134X\Desktop\ComG_Assignment02\MyGraphics - zt\\glfw\lib-msvc120" /LIBPATH:"C:\Users\155134X\Desktop\ComG_Assignment02\MyGraphics - zt\Debug" glew32.lib glfw3.lib opengl32.lib winmm.lib Common.lib kernel32.lib user32.lib gdi32.lib winspool.lib comdlg32.lib advapi32.lib shell32.lib ole32.lib oleaut32.lib uuid.lib odbc32.lib odbccp32.lib /MANIFEST /MANIFESTUAC:"level='asInvoker' uiAccess='false'" /manifest:embed /DEBUG /PDB:"C:\Users\155134X\Desktop\ComG_Assignment02\MyGraphics - zt\Debug\MyGraphics.pdb" /SUBSYSTEM:CONSOLE /TLBID:1 /DYNAMICBASE /NXCOMPAT /IMPLIB:"C:\Users\155134X\Desktop\ComG_Assignment02\MyGraphics - zt\Debug\MyGraphics.lib" /MACHINE:X86 Debug\Application.obj
         Debug\Assignment2.obj
         Debug\Camera.obj
         Debug\Camera2.obj
         Debug\main.obj
         Debug\Mesh.obj
         Debug\MeshBuilder.obj
         Debug\Scene1.obj
         Debug\Scene2.obj
         Debug\Scene3.obj
         Debug\Scene4.obj
         Debug\Scene5.obj
         Debug\SceneLight.obj
         Debug\SceneLight2.obj
         Debug\shader.obj
         Debug\Utility.obj
         MyGraphics.vcxproj -> C:\Users\155134X\Desktop\ComG_Assignment02\MyGraphics - zt\Debug\MyGraphics.exe
     1>Done Building Project "C:\Users\155134X\Desktop\ComG_Assignment02\MyGraphics - zt\MyGraphics\MyGraphics.vcxproj" (Build target(s)).

Build succeeded.

Time Elapsed 00:00:00.95
